GET - /api/posts - Sat, 30 Sep 2023 08:45:41 GMT - 2.198 ms
GET - /api/post/undefined - Sat, 30 Sep 2023 08:45:43 GMT - 0.623 ms
GET - /api/posts - Sat, 30 Sep 2023 08:45:45 GMT - 0.305 ms
GET - /api/post/undefined - Sat, 30 Sep 2023 08:45:46 GMT - 0.456 ms
GET - /api/posts - Sat, 30 Sep 2023 08:45:51 GMT - 0.251 ms
GET - /api/post/undefined - Sat, 30 Sep 2023 08:45:52 GMT - 0.256 ms
GET - /api/posts - Sat, 30 Sep 2023 08:45:54 GMT - 0.306 ms
GET - /api/post/undefined - Sat, 30 Sep 2023 08:45:54 GMT - 0.391 ms
GET - /api/posts - Sat, 30 Sep 2023 08:45:55 GMT - 0.327 ms
GET - /api/post/undefined - Sat, 30 Sep 2023 08:45:56 GMT - 0.437 ms
GET - /api/posts - Sat, 30 Sep 2023 08:46:12 GMT - 0.546 ms
GET - /api/posts - Sat, 30 Sep 2023 08:46:15 GMT - 0.248 ms
GET - /api/posts - Sat, 30 Sep 2023 08:48:35 GMT - 1.102 ms
GET - /api/posts - Sat, 30 Sep 2023 08:48:40 GMT - 0.275 ms
GET - /api/post/undefined - Sat, 30 Sep 2023 08:48:43 GMT - 0.531 ms
GET - /api/posts - Sat, 30 Sep 2023 08:48:44 GMT - 0.248 ms
GET - /api/posts - Sat, 30 Sep 2023 08:50:20 GMT - 1.581 ms
GET - /api/post/undefined - Sat, 30 Sep 2023 08:50:24 GMT - 1.347 ms
GET - /api/posts - Sat, 30 Sep 2023 08:50:27 GMT - 0.309 ms
GET - /api/post/undefined - Sat, 30 Sep 2023 08:50:27 GMT - 0.571 ms
GET - /api/posts - Sat, 30 Sep 2023 08:50:28 GMT - 0.283 ms
GET - /api/post/undefined - Sat, 30 Sep 2023 08:50:29 GMT - 0.258 ms
GET - /api/posts - Sat, 30 Sep 2023 08:50:30 GMT - 0.243 ms
GET - /api/posts - Sat, 30 Sep 2023 08:51:25 GMT - 1.852 ms
GET - /api/post/1 - Sat, 30 Sep 2023 08:51:27 GMT - 0.735 ms
GET - /api/posts - Sat, 30 Sep 2023 08:51:28 GMT - 0.281 ms
GET - /api/post/2 - Sat, 30 Sep 2023 08:51:29 GMT - 0.339 ms
GET - /api/posts - Sat, 30 Sep 2023 08:51:30 GMT - 0.268 ms
GET - /signup - Sat, 30 Sep 2023 09:16:08 GMT - 2.100 ms
GET - /signup - Sat, 30 Sep 2023 09:17:46 GMT - 333.816 ms
GET - /api/posts - Sat, 30 Sep 2023 09:17:48 GMT - 1.592 ms
GET - /admin/signup - Sat, 30 Sep 2023 09:17:56 GMT - 647.770 ms
GET - /assets/js/main.signup.js - Sat, 30 Sep 2023 09:17:56 GMT - 20.621 ms
GET - /admin/signup - Sat, 30 Sep 2023 09:21:00 GMT - 107.524 ms
GET - /assets/js/main.signup.js - Sat, 30 Sep 2023 09:21:00 GMT - 18.857 ms
GET - /admin/signup - Sat, 30 Sep 2023 09:21:01 GMT - 10.498 ms
GET - /assets/js/main.signup.js - Sat, 30 Sep 2023 09:21:01 GMT - 0.593 ms
GET - /admin/signup - Sat, 30 Sep 2023 09:22:00 GMT - 13.031 ms
GET - /assets/js/main.signup.js - Sat, 30 Sep 2023 09:22:00 GMT - 1.646 ms
POST - /admin/signup - Sat, 30 Sep 2023 09:22:42 GMT - 154.776 ms
GET - /admin/login - Sat, 30 Sep 2023 09:22:42 GMT - 19.885 ms
POST - /admin/login - Sat, 30 Sep 2023 09:44:45 GMT - 129.911 ms
GET - /admin/login - Sat, 30 Sep 2023 09:44:46 GMT - 1307.360 ms
POST - /admin/login - Sat, 30 Sep 2023 09:44:58 GMT - 178.628 ms
GET - /admin/dashboard - Sat, 30 Sep 2023 09:44:59 GMT - 146.313 ms
GET - /api/posts - Sat, 30 Sep 2023 10:01:37 GMT - 2.694 ms
POST - /api/login - Sat, 30 Sep 2023 10:01:50 GMT - 173.668 ms
GET - /api/posts - Sat, 30 Sep 2023 10:01:50 GMT - 0.407 ms
POST - /api/verify - Sat, 30 Sep 2023 10:06:03 GMT - 1.668 ms
GET - /api/posts - Sat, 30 Sep 2023 10:06:03 GMT - 0.636 ms
GET - /api/posts - Sat, 30 Sep 2023 10:06:05 GMT - 0.331 ms
POST - /api/login - Sat, 30 Sep 2023 10:06:21 GMT - 166.966 ms
GET - /api/posts - Sat, 30 Sep 2023 10:06:21 GMT - 0.307 ms
POST - /api/verify - Sat, 30 Sep 2023 10:06:23 GMT - 0.274 ms
GET - /api/posts - Sat, 30 Sep 2023 10:06:23 GMT - 0.442 ms
GET - /api/posts - Sat, 30 Sep 2023 10:06:56 GMT - 2.045 ms
GET - /api/posts - Sat, 30 Sep 2023 10:06:57 GMT - 0.424 ms
GET - /api/posts - Sat, 30 Sep 2023 10:06:59 GMT - 0.321 ms
POST - /api/login - Sat, 30 Sep 2023 10:07:11 GMT - 172.215 ms
GET - /api/posts - Sat, 30 Sep 2023 10:07:11 GMT - 0.237 ms
GET - /api/posts - Sat, 30 Sep 2023 10:07:12 GMT - 0.210 ms
POST - /api/verify - Sat, 30 Sep 2023 10:07:12 GMT - 44.220 ms
GET - /api/posts - Sat, 30 Sep 2023 10:07:13 GMT - 0.285 ms
POST - /api/verify - Sat, 30 Sep 2023 10:07:13 GMT - 39.216 ms
GET - /api/posts - Tue, 21 Nov 2023 07:24:46 GMT - 37.237 ms
POST - /api/verify - Tue, 21 Nov 2023 07:24:46 GMT - 50.305 ms
POST - /api/verify - Tue, 21 Nov 2023 07:28:25 GMT - 46.803 ms
GET - /api/posts - Tue, 21 Nov 2023 07:28:25 GMT - 41.625 ms
POST - /api/post - Tue, 21 Nov 2023 07:30:22 GMT - 107.757 ms
GET - /api/posts - Tue, 21 Nov 2023 07:30:23 GMT - 77.505 ms
GET - /api/post/655c5c8e3024260def077b7c - Tue, 21 Nov 2023 07:30:26 GMT - 69.549 ms
GET - /api/posts - Tue, 21 Nov 2023 07:30:28 GMT - 68.152 ms
DELETE - /api/post/655c5c8e3024260def077b7c - Tue, 21 Nov 2023 07:30:51 GMT - 76.997 ms
GET - /api/posts - Tue, 21 Nov 2023 07:30:51 GMT - 33.549 ms
POST - /api/verify - Tue, 21 Nov 2023 07:53:53 GMT - 54.886 ms
GET - /api/posts - Tue, 21 Nov 2023 07:53:53 GMT - 48.361 ms
POST - /api/post - Tue, 21 Nov 2023 07:59:57 GMT - 130.559 ms
GET - /api/posts - Tue, 21 Nov 2023 07:59:57 GMT - 35.808 ms
POST - /api/post - Tue, 21 Nov 2023 08:00:27 GMT - 111.831 ms
GET - /api/posts - Tue, 21 Nov 2023 08:00:27 GMT - 80.296 ms
GET - /admin - Tue, 21 Nov 2023 08:05:13 GMT - 11.548 ms
GET - /admin/login - Tue, 21 Nov 2023 08:05:16 GMT - 2315.669 ms
POST - /admin/login - Tue, 21 Nov 2023 08:05:53 GMT - 43.669 ms
GET - /admin/login - Tue, 21 Nov 2023 08:05:53 GMT - 36.288 ms
POST - /admin/login - Tue, 21 Nov 2023 08:06:05 GMT - 168.811 ms
GET - /admin/login - Tue, 21 Nov 2023 08:06:05 GMT - 35.448 ms
POST - /admin/login - Tue, 21 Nov 2023 08:08:41 GMT - 40.053 ms
GET - /admin/login - Tue, 21 Nov 2023 08:08:41 GMT - 33.942 ms
POST - /admin/login - Tue, 21 Nov 2023 08:08:51 GMT - 34.649 ms
GET - /admin/login - Tue, 21 Nov 2023 08:08:51 GMT - 9.128 ms
POST - /admin/login - Tue, 21 Nov 2023 08:09:02 GMT - 103.880 ms
GET - /admin/login - Tue, 21 Nov 2023 08:09:02 GMT - 69.782 ms
POST - /admin/login - Tue, 21 Nov 2023 08:10:03 GMT - 39.035 ms
GET - /admin/login - Tue, 21 Nov 2023 08:10:03 GMT - 41.634 ms
POST - /admin/login - Tue, 21 Nov 2023 08:12:13 GMT - 109.100 ms
GET - /admin/login - Tue, 21 Nov 2023 08:12:13 GMT - 66.577 ms
POST - /admin/login - Tue, 21 Nov 2023 08:12:28 GMT - 106.314 ms
GET - /admin/login - Tue, 21 Nov 2023 08:12:28 GMT - 66.369 ms
POST - /admin/login - Tue, 21 Nov 2023 08:12:38 GMT - 34.989 ms
GET - /admin/login - Tue, 21 Nov 2023 08:12:38 GMT - 9.935 ms
POST - /admin/login - Tue, 21 Nov 2023 08:12:49 GMT - 34.868 ms
GET - /admin/login - Tue, 21 Nov 2023 08:12:49 GMT - 8.128 ms
POST - /admin/login - Tue, 21 Nov 2023 08:16:46 GMT - 113.574 ms
GET - /admin/login - Tue, 21 Nov 2023 08:16:46 GMT - 54.637 ms
POST - /admin/login - Tue, 21 Nov 2023 10:21:08 GMT - 600.814 ms
GET - /admin/dashboard - Tue, 21 Nov 2023 10:21:08 GMT - 235.703 ms
POST - /admin/approve - Tue, 21 Nov 2023 10:27:59 GMT - 10.797 ms
GET - /admin/dashboard - Tue, 21 Nov 2023 10:28:48 GMT - 156.708 ms
POST - /admin/approve - Tue, 21 Nov 2023 10:32:05 GMT - 9.989 ms
POST - /admin/approve - Tue, 21 Nov 2023 10:32:42 GMT - 1.206 ms
GET - /admin/dashboard - Tue, 21 Nov 2023 10:37:32 GMT - 2.535 ms
GET - /admin/login - Tue, 21 Nov 2023 10:37:34 GMT - 2415.170 ms
POST - /admin/login - Tue, 21 Nov 2023 10:37:44 GMT - 212.271 ms
GET - /admin/dashboard - Tue, 21 Nov 2023 10:37:44 GMT - 180.431 ms
POST - /admin/moderate - Tue, 21 Nov 2023 10:37:49 GMT - 45.740 ms
GET - /admin/dashboard - Tue, 21 Nov 2023 10:37:49 GMT - 63.447 ms
POST - /api/verify - Tue, 21 Nov 2023 13:22:09 GMT - 70.586 ms
GET - /api/posts - Tue, 21 Nov 2023 13:22:09 GMT - 102.845 ms
POST - /api/verify - Tue, 21 Nov 2023 13:22:17 GMT - 42.895 ms
GET - /api/posts - Tue, 21 Nov 2023 13:22:17 GMT - 100.259 ms
POST - /api/verify - Tue, 21 Nov 2023 13:22:50 GMT - 42.416 ms
GET - /api/posts - Tue, 21 Nov 2023 13:22:50 GMT - 89.736 ms
POST - /api/verify - Tue, 21 Nov 2023 13:23:21 GMT - 46.069 ms
GET - /api/posts - Tue, 21 Nov 2023 13:23:21 GMT - 83.350 ms
POST - /api/verify - Tue, 21 Nov 2023 13:24:57 GMT - 50.958 ms
GET - /api/posts - Tue, 21 Nov 2023 13:24:57 GMT - 99.595 ms
POST - /api/verify - Tue, 21 Nov 2023 13:25:14 GMT - 41.588 ms
GET - /api/posts - Tue, 21 Nov 2023 13:25:14 GMT - 94.547 ms
POST - /api/verify - Tue, 21 Nov 2023 13:26:52 GMT - 50.842 ms
GET - /api/posts - Tue, 21 Nov 2023 13:26:52 GMT - 91.840 ms
POST - /api/verify - Tue, 21 Nov 2023 13:27:00 GMT - 45.740 ms
GET - /api/posts - Tue, 21 Nov 2023 13:27:00 GMT - 75.549 ms
POST - /api/verify - Tue, 21 Nov 2023 13:27:04 GMT - 40.360 ms
GET - /api/posts - Tue, 21 Nov 2023 13:27:04 GMT - 67.787 ms
GET - /api/posts - Tue, 21 Nov 2023 13:27:13 GMT - 67.033 ms
POST - /api/post - Tue, 21 Nov 2023 13:27:22 GMT - 105.758 ms
GET - /api/posts - Tue, 21 Nov 2023 13:27:22 GMT - 81.321 ms
POST - /api/verify - Tue, 21 Nov 2023 13:27:29 GMT - 34.027 ms
GET - /api/posts - Tue, 21 Nov 2023 13:27:29 GMT - 70.073 ms
POST - /api/verify - Tue, 21 Nov 2023 13:28:37 GMT - 50.782 ms
GET - /api/posts - Tue, 21 Nov 2023 13:28:37 GMT - 101.128 ms
POST - /api/verify - Tue, 21 Nov 2023 13:33:38 GMT - 52.091 ms
POST - /api/verify - Tue, 21 Nov 2023 13:35:31 GMT - 53.851 ms
POST - /api/verify - Tue, 21 Nov 2023 13:36:22 GMT - 50.732 ms
GET - /api/posts - Tue, 21 Nov 2023 13:36:22 GMT - 94.845 ms
POST - /api/verify - Tue, 21 Nov 2023 13:36:25 GMT - 43.457 ms
GET - /api/posts - Tue, 21 Nov 2023 13:36:25 GMT - 73.011 ms
POST - /api/verify - Tue, 21 Nov 2023 13:42:57 GMT - 62.436 ms
GET - /api/posts - Tue, 21 Nov 2023 13:43:03 GMT - - ms
POST - /api/verify - Tue, 21 Nov 2023 13:43:03 GMT - 52.489 ms
GET - /api/posts - Tue, 21 Nov 2023 13:44:03 GMT - - ms
POST - /api/verify - Tue, 21 Nov 2023 13:44:04 GMT - 51.629 ms
GET - /api/posts - Tue, 21 Nov 2023 13:44:24 GMT - - ms
POST - /api/verify - Tue, 21 Nov 2023 13:44:24 GMT - 51.107 ms
GET - /api/posts - Tue, 21 Nov 2023 13:46:47 GMT - - ms
POST - /api/verify - Tue, 21 Nov 2023 13:46:48 GMT - 70.433 ms
POST - /api/verify - Tue, 21 Nov 2023 13:47:41 GMT - 63.225 ms
GET - /api/posts - Tue, 21 Nov 2023 13:47:44 GMT - - ms
POST - /api/verify - Tue, 21 Nov 2023 13:47:44 GMT - 53.382 ms
GET - /api/posts - Tue, 21 Nov 2023 13:47:46 GMT - - ms
POST - /api/verify - Tue, 21 Nov 2023 13:47:46 GMT - 53.180 ms
GET - /api/posts - Tue, 21 Nov 2023 13:47:47 GMT - - ms
POST - /api/verify - Tue, 21 Nov 2023 13:47:47 GMT - 52.740 ms
POST - /api/verify - Tue, 21 Nov 2023 13:48:08 GMT - 62.302 ms
GET - /api/posts - Tue, 21 Nov 2023 13:48:10 GMT - - ms
POST - /api/verify - Tue, 21 Nov 2023 13:48:11 GMT - 54.670 ms
GET - /api/posts - Tue, 21 Nov 2023 13:48:14 GMT - - ms
POST - /api/verify - Tue, 21 Nov 2023 13:48:14 GMT - 59.578 ms
GET - /api/posts - Tue, 21 Nov 2023 13:48:16 GMT - - ms
POST - /api/verify - Tue, 21 Nov 2023 13:48:16 GMT - 51.550 ms
GET - /api/posts - Tue, 21 Nov 2023 13:48:17 GMT - - ms
POST - /api/verify - Tue, 21 Nov 2023 13:48:18 GMT - 57.165 ms
GET - /api/posts - Tue, 21 Nov 2023 13:48:19 GMT - - ms
POST - /api/verify - Tue, 21 Nov 2023 13:48:19 GMT - 52.903 ms
POST - /api/verify - Tue, 21 Nov 2023 13:48:36 GMT - 52.217 ms
GET - /api/posts - Tue, 21 Nov 2023 13:48:38 GMT - - ms
POST - /api/verify - Tue, 21 Nov 2023 13:48:38 GMT - 50.370 ms
GET - /api/posts - Tue, 21 Nov 2023 13:48:39 GMT - - ms
POST - /api/verify - Tue, 21 Nov 2023 13:48:39 GMT - 48.023 ms
GET - /api/posts - Tue, 21 Nov 2023 13:48:40 GMT - - ms
POST - /api/verify - Tue, 21 Nov 2023 13:48:40 GMT - 41.735 ms
GET - /api/posts - Tue, 21 Nov 2023 13:48:41 GMT - - ms
POST - /api/verify - Tue, 21 Nov 2023 13:48:41 GMT - 49.779 ms
POST - /api/verify - Tue, 21 Nov 2023 13:49:10 GMT - 59.620 ms
POST - /api/verify - Tue, 21 Nov 2023 13:49:35 GMT - 71.047 ms
GET - /api/posts - Tue, 21 Nov 2023 13:49:37 GMT - - ms
POST - /api/verify - Tue, 21 Nov 2023 13:49:37 GMT - 51.601 ms
GET - /api/posts - Tue, 21 Nov 2023 13:49:38 GMT - - ms
POST - /api/verify - Tue, 21 Nov 2023 13:49:38 GMT - 57.200 ms
POST - /api/verify - Tue, 21 Nov 2023 13:49:52 GMT - 58.257 ms
GET - /api/posts - Tue, 21 Nov 2023 13:49:57 GMT - - ms
POST - /api/verify - Tue, 21 Nov 2023 13:49:57 GMT - 48.184 ms
GET - /api/posts - Tue, 21 Nov 2023 13:49:59 GMT - - ms
POST - /api/verify - Tue, 21 Nov 2023 13:49:59 GMT - 50.815 ms
GET - /api/posts - Tue, 21 Nov 2023 13:50:05 GMT - - ms
POST - /api/verify - Tue, 21 Nov 2023 13:50:05 GMT - 45.078 ms
GET - /api/posts - Tue, 21 Nov 2023 13:50:06 GMT - - ms
POST - /api/verify - Tue, 21 Nov 2023 13:50:06 GMT - 51.708 ms
GET - /api/posts - Tue, 21 Nov 2023 13:50:08 GMT - - ms
POST - /api/verify - Tue, 21 Nov 2023 13:50:08 GMT - 45.421 ms
GET - /api/posts - Tue, 21 Nov 2023 13:50:09 GMT - - ms
POST - /api/verify - Tue, 21 Nov 2023 13:50:09 GMT - 45.275 ms
GET - /api/posts - Tue, 21 Nov 2023 13:50:11 GMT - - ms
POST - /api/verify - Tue, 21 Nov 2023 13:50:11 GMT - 45.017 ms
GET - /api/posts - Tue, 21 Nov 2023 13:50:12 GMT - - ms
POST - /api/verify - Tue, 21 Nov 2023 13:50:12 GMT - 45.877 ms
POST - /api/verify - Tue, 21 Nov 2023 13:51:45 GMT - 48.527 ms
GET - /api/posts - Tue, 21 Nov 2023 13:51:48 GMT - - ms
POST - /api/verify - Tue, 21 Nov 2023 13:51:48 GMT - 42.720 ms
GET - /api/posts - Tue, 21 Nov 2023 13:51:49 GMT - - ms
POST - /api/verify - Tue, 21 Nov 2023 13:51:49 GMT - 46.565 ms
POST - /api/verify - Tue, 21 Nov 2023 13:52:04 GMT - 64.497 ms
GET - /api/posts - Tue, 21 Nov 2023 13:52:04 GMT - 92.119 ms
POST - /api/verify - Tue, 21 Nov 2023 13:52:43 GMT - 46.922 ms
GET - /api/posts - Tue, 21 Nov 2023 13:52:43 GMT - 89.500 ms
POST - /api/verify - Tue, 21 Nov 2023 13:53:12 GMT - 58.204 ms
GET - /api/posts - Tue, 21 Nov 2023 13:53:15 GMT - - ms
POST - /api/verify - Tue, 21 Nov 2023 13:53:15 GMT - 54.120 ms
GET - /api/posts - Tue, 21 Nov 2023 13:56:14 GMT - 2.382 ms
POST - /api/verify - Tue, 21 Nov 2023 13:56:14 GMT - 54.869 ms
GET - /api/posts - Tue, 21 Nov 2023 13:56:18 GMT - 0.759 ms
POST - /api/verify - Tue, 21 Nov 2023 13:56:18 GMT - 48.650 ms
GET - /api/posts - Tue, 21 Nov 2023 13:56:19 GMT - 8.234 ms
POST - /api/verify - Tue, 21 Nov 2023 13:56:19 GMT - 63.065 ms
GET - /api/posts - Tue, 21 Nov 2023 13:56:20 GMT - 2.005 ms
POST - /api/verify - Tue, 21 Nov 2023 13:56:20 GMT - 48.535 ms
GET - /api/posts - Tue, 21 Nov 2023 13:56:21 GMT - 1.749 ms
POST - /api/verify - Tue, 21 Nov 2023 13:56:21 GMT - 54.688 ms
GET - /api/posts - Tue, 21 Nov 2023 13:56:22 GMT - 2.164 ms
POST - /api/verify - Tue, 21 Nov 2023 13:56:22 GMT - 61.943 ms
GET - /api/posts - Tue, 21 Nov 2023 14:03:35 GMT - 13.585 ms
POST - /api/verify - Tue, 21 Nov 2023 14:03:35 GMT - 60.422 ms
GET - /api/post/655c639bbb8a12d3944892da - Tue, 21 Nov 2023 14:03:40 GMT - 92.303 ms
GET - /post/655c639bbb8a12d3944892da - Tue, 21 Nov 2023 14:03:49 GMT - 24.718 ms
GET - /api/post/655c639bbb8a12d3944892da - Tue, 21 Nov 2023 14:03:49 GMT - 0.943 ms
POST - /api/verify - Tue, 21 Nov 2023 14:03:50 GMT - 43.792 ms
GET - /post/655c639bbb8a12d3944892da - Tue, 21 Nov 2023 14:03:53 GMT - 0.505 ms
GET - /api/post/655c639bbb8a12d3944892da - Tue, 21 Nov 2023 14:03:53 GMT - 0.907 ms
POST - /api/verify - Tue, 21 Nov 2023 14:03:53 GMT - 42.006 ms
GET - /post/655c639bbb8a12d3944892da - Tue, 21 Nov 2023 14:03:54 GMT - 0.415 ms
GET - /api/post/655c639bbb8a12d3944892da - Tue, 21 Nov 2023 14:03:54 GMT - 2.650 ms
POST - /api/verify - Tue, 21 Nov 2023 14:03:54 GMT - 41.788 ms
GET - /post/655c639bbb8a12d3944892da - Tue, 21 Nov 2023 14:05:05 GMT - 3.932 ms
GET - /api/post/655c639bbb8a12d3944892da - Tue, 21 Nov 2023 14:05:05 GMT - 3.589 ms
POST - /api/verify - Tue, 21 Nov 2023 14:05:05 GMT - 43.592 ms
GET - /post/655c639bbb8a12d3944892da - Tue, 21 Nov 2023 14:05:06 GMT - 0.797 ms
GET - /api/post/655c639bbb8a12d3944892da - Tue, 21 Nov 2023 14:05:07 GMT - 6.694 ms
POST - /api/verify - Tue, 21 Nov 2023 14:05:07 GMT - 34.742 ms
GET - /post/655c639bbb8a12d3944892da - Tue, 21 Nov 2023 14:05:08 GMT - 0.368 ms
GET - /api/post/655c639bbb8a12d3944892da - Tue, 21 Nov 2023 14:05:08 GMT - 2.834 ms
POST - /api/verify - Tue, 21 Nov 2023 14:05:08 GMT - 33.558 ms
POST - /api/post - Tue, 21 Nov 2023 14:05:18 GMT - 122.079 ms
GET - /api/posts - Tue, 21 Nov 2023 14:05:18 GMT - 76.534 ms
GET - /api/posts - Tue, 21 Nov 2023 14:05:38 GMT - 0.798 ms
POST - /api/verify - Tue, 21 Nov 2023 14:05:38 GMT - 35.249 ms
GET - /api/posts - Tue, 21 Nov 2023 14:05:39 GMT - 2.879 ms
POST - /api/verify - Tue, 21 Nov 2023 14:05:39 GMT - 34.660 ms
GET - /api/posts - Tue, 21 Nov 2023 14:05:40 GMT - 0.841 ms
POST - /api/verify - Tue, 21 Nov 2023 14:05:40 GMT - 36.050 ms
GET - /api/post/655cb91d723323b05eb2281c - Tue, 21 Nov 2023 14:05:42 GMT - 74.489 ms
GET - /post/655cb91d723323b05eb2281c - Tue, 21 Nov 2023 14:05:44 GMT - 50.827 ms
GET - /api/post/655cb91d723323b05eb2281c - Tue, 21 Nov 2023 14:05:44 GMT - 2.076 ms
POST - /api/verify - Tue, 21 Nov 2023 14:05:44 GMT - 40.415 ms
GET - /post/655cb91d723323b05eb2281c - Tue, 21 Nov 2023 14:05:45 GMT - 0.260 ms
GET - /api/post/655cb91d723323b05eb2281c - Tue, 21 Nov 2023 14:05:45 GMT - 1.623 ms
POST - /api/verify - Tue, 21 Nov 2023 14:05:45 GMT - 33.804 ms
GET - /api/posts - Tue, 21 Nov 2023 14:05:45 GMT - 0.658 ms
GET - /api/post/655c639bbb8a12d3944892da - Tue, 21 Nov 2023 14:05:46 GMT - 0.667 ms
GET - /api/posts - Tue, 21 Nov 2023 14:05:51 GMT - 0.769 ms
GET - /api/post/655cb03a988a2f8acc3345c8 - Tue, 21 Nov 2023 14:05:52 GMT - 74.611 ms
GET - /api/posts - Tue, 21 Nov 2023 14:05:53 GMT - 0.603 ms
GET - /api/posts - Tue, 21 Nov 2023 14:07:47 GMT - 2.296 ms
POST - /api/verify - Tue, 21 Nov 2023 14:07:47 GMT - 56.464 ms
GET - /api/posts - Tue, 21 Nov 2023 14:07:48 GMT - 0.645 ms
POST - /api/verify - Tue, 21 Nov 2023 14:07:48 GMT - 54.816 ms
GET - /api/posts - Tue, 21 Nov 2023 14:07:49 GMT - 1.151 ms
POST - /api/verify - Tue, 21 Nov 2023 14:07:49 GMT - 47.455 ms
GET - /api/posts - Tue, 21 Nov 2023 14:07:50 GMT - 8.383 ms
POST - /api/verify - Tue, 21 Nov 2023 14:07:50 GMT - 49.715 ms
DELETE - /api/post/655cb03a988a2f8acc3345c8 - Tue, 21 Nov 2023 14:07:53 GMT - 110.672 ms
GET - /api/posts - Tue, 21 Nov 2023 14:07:54 GMT - 101.832 ms
GET - /api/posts - Tue, 21 Nov 2023 14:07:57 GMT - 2.198 ms
POST - /api/verify - Tue, 21 Nov 2023 14:07:57 GMT - 47.985 ms
GET - /api/posts - Tue, 21 Nov 2023 14:07:58 GMT - 0.587 ms
POST - /api/verify - Tue, 21 Nov 2023 14:07:58 GMT - 47.281 ms
GET - /api/post/655c639bbb8a12d3944892da - Tue, 21 Nov 2023 14:08:00 GMT - 0.704 ms
GET - /api/posts - Tue, 21 Nov 2023 14:08:02 GMT - 0.689 ms
POST - /api/verify - Tue, 28 Nov 2023 06:54:19 GMT - 65.400 ms
GET - /api/posts - Tue, 28 Nov 2023 06:54:19 GMT - 16.869 ms
GET - /api/post/655e0713c99ab06e7decb163 - Tue, 28 Nov 2023 06:54:22 GMT - 100.899 ms
GET - /api/posts - Tue, 28 Nov 2023 06:54:27 GMT - 0.631 ms
GET - /api/post/655e0713c99ab06e7decb163 - Tue, 28 Nov 2023 06:54:29 GMT - 3.382 ms
GET - /api/posts - Tue, 28 Nov 2023 06:54:32 GMT - 1.584 ms
GET - /api/post/655e0713c99ab06e7decb163 - Tue, 28 Nov 2023 06:55:20 GMT - 5.247 ms
GET - /api/posts - Tue, 28 Nov 2023 06:55:23 GMT - 1.958 ms
GET - /api/post/655e0713c99ab06e7decb163 - Tue, 28 Nov 2023 06:55:24 GMT - 0.942 ms
GET - /api/posts - Tue, 28 Nov 2023 06:55:25 GMT - 0.704 ms
GET - /api/post/655c639bbb8a12d3944892da - Tue, 28 Nov 2023 06:55:27 GMT - 1.460 ms
GET - /api/posts - Tue, 28 Nov 2023 06:55:29 GMT - 0.847 ms
GET - /api/post/655f64659185ab2f72852c7c - Tue, 28 Nov 2023 06:55:30 GMT - 0.772 ms
GET - /api/posts - Tue, 28 Nov 2023 06:55:32 GMT - 0.561 ms
POST - /api/post - Tue, 28 Nov 2023 06:55:45 GMT - 124.219 ms
GET - /api/posts - Tue, 28 Nov 2023 06:55:45 GMT - 88.052 ms
GET - /api/post/65658ef1eacae1b402cc2fcf - Tue, 28 Nov 2023 06:55:49 GMT - 64.016 ms
GET - /api/posts - Tue, 28 Nov 2023 06:55:50 GMT - 0.673 ms
GET - /api/post/65658ef1eacae1b402cc2fcf - Tue, 28 Nov 2023 06:55:52 GMT - 0.805 ms
GET - /api/posts - Tue, 28 Nov 2023 06:55:54 GMT - 0.502 ms
GET - /api/post/65658ef1eacae1b402cc2fcf - Tue, 28 Nov 2023 06:56:11 GMT - 65.987 ms
GET - /api/posts - Tue, 28 Nov 2023 06:56:14 GMT - 67.270 ms
GET - /api/post/65658ef1eacae1b402cc2fcf - Tue, 28 Nov 2023 06:56:15 GMT - 0.637 ms
GET - /api/posts - Tue, 28 Nov 2023 06:56:16 GMT - 0.537 ms
GET - /api/post/65658ef1eacae1b402cc2fcf - Tue, 28 Nov 2023 06:56:30 GMT - 65.266 ms
GET - /api/posts - Tue, 28 Nov 2023 06:56:32 GMT - 74.062 ms
GET - /api/post/65658ef1eacae1b402cc2fcf - Tue, 28 Nov 2023 06:59:21 GMT - 74.712 ms
POST - /api/verify - Sat, 10 May 2025 07:48:21 GMT - 41.859 ms
GET - /api/posts - Sat, 10 May 2025 07:48:21 GMT - 94.955 ms
GET - /api/posts - Sat, 10 May 2025 07:48:33 GMT - 0.623 ms
POST - /api/verify - Sat, 10 May 2025 07:48:33 GMT - 37.575 ms
GET - /api/posts - Sat, 10 May 2025 07:48:34 GMT - 0.610 ms
POST - /api/verify - Sat, 10 May 2025 07:48:34 GMT - 38.068 ms
GET - /api/posts - Sat, 10 May 2025 07:48:34 GMT - 0.515 ms
POST - /api/verify - Sat, 10 May 2025 07:48:34 GMT - 38.772 ms
GET - /api/posts - Sat, 10 May 2025 07:48:35 GMT - 0.602 ms
POST - /api/verify - Sat, 10 May 2025 07:48:35 GMT - 39.441 ms
GET - /api/posts - Sat, 10 May 2025 07:48:37 GMT - 0.640 ms
GET - /signin - Sat, 10 May 2025 07:48:53 GMT - 0.657 ms
POST - /api/login - Sat, 10 May 2025 07:49:06 GMT - 124.485 ms
GET - /api/posts - Sat, 10 May 2025 07:49:06 GMT - 0.763 ms
DELETE - /api/post/681f0255286f21d3aa751aac - Sat, 10 May 2025 07:49:13 GMT - 79.350 ms
GET - /api/posts - Sat, 10 May 2025 07:49:13 GMT - 74.613 ms
DELETE - /api/post/681f0089bc7e5d5350e9ab2b - Sat, 10 May 2025 07:49:15 GMT - 77.363 ms
GET - /api/posts - Sat, 10 May 2025 07:49:15 GMT - 75.570 ms
POST - /api/login - Sat, 10 May 2025 10:24:23 GMT - 3.203 ms
POST - /api/signup - Sat, 10 May 2025 10:24:58 GMT - 1.196 ms
GET - /signin - Sat, 10 May 2025 10:51:18 GMT - 1.667 ms
GET - /api/posts - Sat, 10 May 2025 10:52:04 GMT - 1.544 ms
GET - /admin/dashboard - Sat, 10 May 2025 10:52:05 GMT - 1.227 ms
GET - /admin/login - Sat, 10 May 2025 10:52:05 GMT - 117.788 ms
GET - /admin/login - Sat, 10 May 2025 10:52:14 GMT - 5.248 ms
POST - /api/signup-user - Sat, 10 May 2025 12:22:44 GMT - 0.739 ms
POST - /api/login - Mon, 19 May 2025 16:57:27 GMT - 147.149 ms
POST - /api/login - Mon, 19 May 2025 17:00:19 GMT - 142.573 ms
POST - /api/login - Mon, 19 May 2025 17:01:02 GMT - 132.120 ms
POST - /api/post - Mon, 19 May 2025 17:01:25 GMT - 93.853 ms
GET - /api/posts - Mon, 19 May 2025 17:02:10 GMT - 67221.913 ms
GET - /api/posts - Mon, 19 May 2025 17:02:10 GMT - 25027.304 ms
GET - /api/posts - Mon, 19 May 2025 17:03:22 GMT - 0.978 ms
POST - /api/verify - Mon, 19 May 2025 17:03:22 GMT - 41.113 ms
GET - /api/post/681df73c92b37fa109d10017 - Mon, 19 May 2025 17:03:24 GMT - 84.324 ms
